<html>
<body>
<pre>
<h1>µVision Build Log</h1>
<h2>Tool Versions:</h2>
IDE-Version: ¦ÌVision V5.21.1.0
Copyright (C) 2016 ARM Ltd and ARM Germany GmbH. All rights reserved.
License Information: SpartA DAD, DAD, LIC=8VRAR-KLTC6-4SUY4-FACHI-QL624-UPCSC
 
Tool Versions:
Toolchain:       MDK-ARM Plus  Version: 5.21a
Toolchain Path:  E:\Keil5\ARM\ARMCC\Bin
C Compiler:      Armcc.exe V5.06 update 3 (build 300)
Assembler:       Armasm.exe V5.06 update 3 (build 300)
Linker/Locator:  ArmLink.exe V5.06 update 3 (build 300)
Library Manager: ArmAr.exe V5.06 update 3 (build 300)
Hex Converter:   FromElf.exe V5.06 update 3 (build 300)
CPU DLL:         SARMCM3.DLL V5.21a
Dialog DLL:      DCM.DLL V1.13.8.0
Target DLL:      Segger\JL2CM3.dll V2.99.23.0
Dialog DLL:      TCM.DLL V1.14.14.0
 
<h2>Project:</h2>
E:\git´úÂë¿â\USB-VCP\USER\Template.uvprojx
Project File Date:  01/26/2018

<h2>Output:</h2>
*** Using Compiler 'V5.06 update 3 (build 300)', folder: 'E:\Keil5\ARM\ARMCC\Bin'
Rebuild target 'Template'
compiling system_stm32f4xx.c...
compiling stm32f4xx_it.c...
compiling main.c...
main.c(113): warning:  #177-D: variable "dat" was declared but never referenced
  	u8 dat[12] = {"Hello world"};
main.c: 1 warning, 0 errors
assembling startup_stm32f40_41xxx.s...
compiling misc.c...
compiling stm32f4xx_adc.c...
compiling stm32f4xx_can.c...
compiling stm32f4xx_cryp.c...
compiling stm32f4xx_crc.c...
compiling stm32f4xx_cryp_aes.c...
compiling stm32f4xx_cryp_des.c...
compiling stm32f4xx_cryp_tdes.c...
compiling stm32f4xx_dac.c...
compiling stm32f4xx_dcmi.c...
compiling stm32f4xx_dbgmcu.c...
compiling stm32f4xx_dma2d.c...
compiling stm32f4xx_dma.c...
compiling stm32f4xx_exti.c...
compiling stm32f4xx_flash.c...
compiling stm32f4xx_flash_ramfunc.c...
compiling stm32f4xx_fsmc.c...
compiling stm32f4xx_gpio.c...
compiling stm32f4xx_hash_md5.c...
compiling stm32f4xx_hash.c...
compiling stm32f4xx_hash_sha1.c...
compiling stm32f4xx_iwdg.c...
compiling stm32f4xx_i2c.c...
compiling stm32f4xx_ltdc.c...
compiling stm32f4xx_rcc.c...
compiling stm32f4xx_pwr.c...
compiling stm32f4xx_rng.c...
compiling stm32f4xx_sai.c...
compiling stm32f4xx_rtc.c...
compiling stm32f4xx_sdio.c...
compiling stm32f4xx_spi.c...
compiling stm32f4xx_syscfg.c...
compiling stm32f4xx_tim.c...
compiling stm32f4xx_wwdg.c...
compiling stm32f4xx_usart.c...
compiling delay.c...
compiling sys.c...
compiling usart.c...
compiling usb_bsp.c...
compiling usbd_cdc_vcp.c...
compiling usbd_desc.c...
compiling usbd_ioreq.c...
compiling usbd_core.c...
compiling usbd_usr.c...
compiling usbd_cdc_core.c...
..\Libraries\STM32_USB_Device_Library\Class\cdc\src\usbd_cdc_core.c(643): error:  #20: identifier "USB_Tx_ptr" is undefined
          USB_Tx_ptr = APP_Rx_ptr_out;
..\Libraries\STM32_USB_Device_Library\Class\cdc\src\usbd_cdc_core.c(651): error:  #20: identifier "USB_Tx_ptr" is undefined
          USB_Tx_ptr = APP_Rx_ptr_out;
..\Libraries\STM32_USB_Device_Library\Class\cdc\src\usbd_cdc_core.c(661): error:  #20: identifier "USB_Tx_ptr" is undefined
                   (uint8_t*)&APP_Rx_Buffer[USB_Tx_ptr],
..\Libraries\STM32_USB_Device_Library\Class\cdc\src\usbd_cdc_core.c: 0 warnings, 3 errors
compiling usb_core.c...
compiling usbd_req.c...
compiling usb_dcd.c...
compiling led.c...
compiling usb_dcd_int.c...
"..\OBJ\Template.axf" - 3 Error(s), 1 Warning(s).

<h2>Collection of Component include folders:</h2>
  E:\git´úÂë¿â\USB-VCP\USER\RTE
  E:\Keil5\ARM\PACK\Keil\STM32F4xx_DFP\2.11.0\Drivers\CMSIS\Device\ST\STM32F4xx\Include

<h2>Collection of Component Files used:</h2>
Target not created.
Build Time Elapsed:  00:00:24
</pre>
</body>
</html>
